<?xml version="1.0" encoding="UTF-8"?>
<!-- Generated by org.testng.reporters.JUnitXMLReporter -->
<testsuite ignored="0" hostname="AADJM-7FSBGG3" failures="0" tests="6" name="Test" time="120.599" errors="0" timestamp="2024-08-03T23:45:11 IST">
  <testcase classname="SmokeTest.LoginTests" name="LoginHudlValidUserCredentials" time="19.182"/>
  <testcase classname="SmokeTest.LoginTests" name="LoginHudlInValidUserCredentials" time="11.994"/>
  <testcase classname="SmokeTest.LoginTests" name="LoginHudlInValidUserCredentials" time="36.029"/>
  <testcase classname="SmokeTest.LoginTests" name="LoginHudlInValidUserCredentials" time="13.316"/>
  <testcase classname="SmokeTest.LoginTests" name="LoginHudlInValidUserCredentials" time="13.308"/>
  <testcase classname="SmokeTest.LoginTests" name="LoginHudlWithoutUserCredentials" time="11.764"/>
</testsuite> <!-- Test -->
