<?xml version="1.0" encoding="UTF-8"?>
<!-- Generated by org.testng.reporters.JUnitXMLReporter -->
<testsuite ignored="0" hostname="AADJM-7FSBGG3" failures="0" tests="6" name="Test" time="137.451" errors="0" timestamp="2024-08-01T18:57:22 IST">
  <testcase classname="SmokeTest.LoginTests" name="LoginHudlValidUserCredentials" time="26.492"/>
  <testcase classname="SmokeTest.LoginTests" name="LoginHudlInValidUserCredentials" time="15.075"/>
  <testcase classname="SmokeTest.LoginTests" name="LoginHudlInValidUserCredentials" time="23.907"/>
  <testcase classname="SmokeTest.LoginTests" name="LoginHudlInValidUserCredentials" time="18.531"/>
  <testcase classname="SmokeTest.LoginTests" name="LoginHudlInValidUserCredentials" time="15.83"/>
  <testcase classname="SmokeTest.LoginTests" name="LoginHudlWithoutUserCredentials" time="10.768"/>
</testsuite> <!-- Test -->
